[root@iZ2ze5xpmu533jd8ssq50nZ data]# xtrabackup --decompress --remove-original --target-dir=/data/backup
2024-07-16T17:16:49.141521+08:00 0 [Note] [MY-011825] [Xtrabackup] recognized client arguments: --decompress=1 --remove-original=1 --target-dir=/data/backup 
xtrabackup version 8.0.35-31 based on MySQL server 8.0.35 Linux (x86_64) (revision id: 55ec21d7)
2024-07-16T17:16:49.142161+08:00 0 [Note] [MY-011825] [Xtrabackup] decompressing ./ibdata1.zst
2024-07-16T17:16:49.157153+08:00 0 [Note] [MY-011825] [Xtrabackup] removing ./ibdata1.zst
2024-07-16T17:16:49.157298+08:00 0 [Note] [MY-011825] [Xtrabackup] decompressing ./xtrabackup_tablespaces.zst
2024-07-16T17:16:49.193413+08:00 0 [Note] [MY-011825] [Xtrabackup] removing ./xtrabackup_tablespaces.zst
2024-07-16T17:16:49.193517+08:00 0 [Note] [MY-011825] [Xtrabackup] decompressing ./mysql.ibd.zst
2024-07-16T17:16:49.223123+08:00 0 [Note] [MY-011825] [Xtrabackup] removing ./mysql.ibd.zst
2024-07-16T17:16:49.270073+08:00 0 [Note] [MY-011825] [Xtrabackup] decompressing ./undo_002.zst
2024-07-16T17:16:49.321969+08:00 0 [Note] [MY-011825] [Xtrabackup] removing ./undo_002.zst
2024-07-16T17:16:49.322108+08:00 0 [Note] [MY-011825] [Xtrabackup] decompressing ./mysql-bin.index.zst
2024-07-16T17:16:49.332818+08:00 0 [Note] [MY-011825] [Xtrabackup] removing ./mysql-bin.index.zst
2024-07-16T17:16:49.332907+08:00 0 [Note] [MY-011825] [Xtrabackup] decompressing ./backup-my.cnf.zst
2024-07-16T17:16:49.336762+08:00 0 [Note] [MY-011825] [Xtrabackup] removing ./backup-my.cnf.zst
2024-07-16T17:16:49.336840+08:00 0 [Note] [MY-011825] [Xtrabackup] decompressing ./sakila/actor.ibd.zst
2024-07-16T17:16:49.340529+08:00 0 [Note] [MY-011825] [Xtrabackup] removing ./sakila/actor.ibd.zst
2024-07-16T17:16:49.340720+08:00 0 [Note] [MY-011825] [Xtrabackup] decompressing ./sakila/store.ibd.zst
2024-07-16T17:16:49.344487+08:00 0 [Note] [MY-011825] [Xtrabackup] removing ./sakila/store.ibd.zst
2024-07-16T17:16:49.344682+08:00 0 [Note] [MY-011825] [Xtrabackup] decompressing ./sakila/address.ibd.zst
2024-07-16T17:16:49.349902+08:00 0 [Note] [MY-011825] [Xtrabackup] removing ./sakila/address.ibd.zst
2024-07-16T17:16:49.350161+08:00 0 [Note] [MY-011825] [Xtrabackup] decompressing ./sakila/fts_0000000000000431_deleted_cache.ibd.zst
2024-07-16T17:16:49.353658+08:00 0 [Note] [MY-011825] [Xtrabackup] removing ./sakila/fts_0000000000000431_deleted_cache.ibd.zst
2024-07-16T17:16:49.353813+08:00 0 [Note] [MY-011825] [Xtrabackup] decompressing ./sakila/fts_0000000000000431_00000000000000b6_index_4.ibd.zst
2024-07-16T17:16:49.357400+08:00 0 [Note] [MY-011825] [Xtrabackup] removing ./sakila/fts_0000000000000431_00000000000000b6_index_4.ibd.zst
2024-07-16T17:16:49.357564+08:00 0 [Note] [MY-011825] [Xtrabackup] decompressing ./sakila/fts_0000000000000431_deleted.ibd.zst
2024-07-16T17:16:49.361234+08:00 0 [Note] [MY-011825] [Xtrabackup] removing ./sakila/fts_0000000000000431_deleted.ibd.zst
2024-07-16T17:16:49.361417+08:00 0 [Note] [MY-011825] [Xtrabackup] decompressing ./sakila/inventory.ibd.zst
2024-07-16T17:16:49.366533+08:00 0 [Note] [MY-011825] [Xtrabackup] removing ./sakila/inventory.ibd.zst
2024-07-16T17:16:49.366938+08:00 0 [Note] [MY-011825] [Xtrabackup] decompressing ./sakila/fts_0000000000000431_00000000000000b6_index_6.ibd.zst
2024-07-16T17:16:49.370517+08:00 0 [Note] [MY-011825] [Xtrabackup] removing ./sakila/fts_0000000000000431_00000000000000b6_index_6.ibd.zst
2024-07-16T17:16:49.370675+08:00 0 [Note] [MY-011825] [Xtrabackup] decompressing ./sakila/fts_0000000000000431_00000000000000b6_index_5.ibd.zst
2024-07-16T17:16:49.375110+08:00 0 [Note] [MY-011825] [Xtrabackup] removing ./sakila/fts_0000000000000431_00000000000000b6_index_5.ibd.zst
2024-07-16T17:16:49.375282+08:00 0 [Note] [MY-011825] [Xtrabackup] decompressing ./sakila/fts_0000000000000431_being_deleted_cache.ibd.zst
2024-07-16T17:16:49.379589+08:00 0 [Note] [MY-011825] [Xtrabackup] removing ./sakila/fts_0000000000000431_being_deleted_cache.ibd.zst
2024-07-16T17:16:49.379782+08:00 0 [Note] [MY-011825] [Xtrabackup] decompressing ./sakila/customer.ibd.zst
2024-07-16T17:16:49.386534+08:00 0 [Note] [MY-011825] [Xtrabackup] removing ./sakila/customer.ibd.zst
2024-07-16T17:16:49.386768+08:00 0 [Note] [MY-011825] [Xtrabackup] decompressing ./sakila/country.ibd.zst
2024-07-16T17:16:49.392364+08:00 0 [Note] [MY-011825] [Xtrabackup] removing ./sakila/country.ibd.zst
2024-07-16T17:16:49.392541+08:00 0 [Note] [MY-011825] [Xtrabackup] decompressing ./sakila/language.ibd.zst
2024-07-16T17:16:49.396093+08:00 0 [Note] [MY-011825] [Xtrabackup] removing ./sakila/language.ibd.zst
2024-07-16T17:16:49.396267+08:00 0 [Note] [MY-011825] [Xtrabackup] decompressing ./sakila/film_text.ibd.zst
2024-07-16T17:16:49.400828+08:00 0 [Note] [MY-011825] [Xtrabackup] removing ./sakila/film_text.ibd.zst
2024-07-16T17:16:49.401087+08:00 0 [Note] [MY-011825] [Xtrabackup] decompressing ./sakila/fts_0000000000000431_config.ibd.zst
2024-07-16T17:16:49.404763+08:00 0 [Note] [MY-011825] [Xtrabackup] removing ./sakila/fts_0000000000000431_config.ibd.zst
2024-07-16T17:16:49.404917+08:00 0 [Note] [MY-011825] [Xtrabackup] decompressing ./sakila/fts_0000000000000431_00000000000000b6_index_1.ibd.zst
2024-07-16T17:16:49.408720+08:00 0 [Note] [MY-011825] [Xtrabackup] removing ./sakila/fts_0000000000000431_00000000000000b6_index_1.ibd.zst
2024-07-16T17:16:49.408899+08:00 0 [Note] [MY-011825] [Xtrabackup] decompressing ./sakila/film_actor.ibd.zst
2024-07-16T17:16:49.413717+08:00 0 [Note] [MY-011825] [Xtrabackup] removing ./sakila/film_actor.ibd.zst
2024-07-16T17:16:49.414035+08:00 0 [Note] [MY-011825] [Xtrabackup] decompressing ./sakila/rental.ibd.zst
2024-07-16T17:16:49.428919+08:00 0 [Note] [MY-011825] [Xtrabackup] removing ./sakila/rental.ibd.zst
2024-07-16T17:16:49.437917+08:00 0 [Note] [MY-011825] [Xtrabackup] decompressing ./sakila/film.ibd.zst
2024-07-16T17:16:49.472929+08:00 0 [Note] [MY-011825] [Xtrabackup] removing ./sakila/film.ibd.zst
2024-07-16T17:16:49.473341+08:00 0 [Note] [MY-011825] [Xtrabackup] decompressing ./sakila/fts_0000000000000431_00000000000000b6_index_2.ibd.zst
2024-07-16T17:16:49.479163+08:00 0 [Note] [MY-011825] [Xtrabackup] removing ./sakila/fts_0000000000000431_00000000000000b6_index_2.ibd.zst
2024-07-16T17:16:49.479368+08:00 0 [Note] [MY-011825] [Xtrabackup] decompressing ./sakila/fts_0000000000000431_being_deleted.ibd.zst
2024-07-16T17:16:49.483710+08:00 0 [Note] [MY-011825] [Xtrabackup] removing ./sakila/fts_0000000000000431_being_deleted.ibd.zst
2024-07-16T17:16:49.483916+08:00 0 [Note] [MY-011825] [Xtrabackup] decompressing ./sakila/staff.ibd.zst
2024-07-16T17:16:49.488153+08:00 0 [Note] [MY-011825] [Xtrabackup] removing ./sakila/staff.ibd.zst
2024-07-16T17:16:49.488409+08:00 0 [Note] [MY-011825] [Xtrabackup] decompressing ./sakila/film_category.ibd.zst
2024-07-16T17:16:49.492542+08:00 0 [Note] [MY-011825] [Xtrabackup] removing ./sakila/film_category.ibd.zst
2024-07-16T17:16:49.492739+08:00 0 [Note] [MY-011825] [Xtrabackup] decompressing ./sakila/payment.ibd.zst
2024-07-16T17:16:49.506325+08:00 0 [Note] [MY-011825] [Xtrabackup] removing ./sakila/payment.ibd.zst
2024-07-16T17:16:49.513594+08:00 0 [Note] [MY-011825] [Xtrabackup] decompressing ./sakila/fts_0000000000000431_00000000000000b6_index_3.ibd.zst
2024-07-16T17:16:49.549270+08:00 0 [Note] [MY-011825] [Xtrabackup] removing ./sakila/fts_0000000000000431_00000000000000b6_index_3.ibd.zst
2024-07-16T17:16:49.549570+08:00 0 [Note] [MY-011825] [Xtrabackup] decompressing ./sakila/city.ibd.zst
2024-07-16T17:16:49.554796+08:00 0 [Note] [MY-011825] [Xtrabackup] removing ./sakila/city.ibd.zst
2024-07-16T17:16:49.554993+08:00 0 [Note] [MY-011825] [Xtrabackup] decompressing ./sakila/category.ibd.zst
2024-07-16T17:16:49.559806+08:00 0 [Note] [MY-011825] [Xtrabackup] removing ./sakila/category.ibd.zst
2024-07-16T17:16:49.559964+08:00 0 [Note] [MY-011825] [Xtrabackup] decompressing ./xtrabackup_info.zst
2024-07-16T17:16:49.565278+08:00 0 [Note] [MY-011825] [Xtrabackup] removing ./xtrabackup_info.zst
2024-07-16T17:16:49.565349+08:00 0 [Note] [MY-011825] [Xtrabackup] decompressing ./sys/sys_config.ibd.zst
2024-07-16T17:16:49.569024+08:00 0 [Note] [MY-011825] [Xtrabackup] removing ./sys/sys_config.ibd.zst
2024-07-16T17:16:49.569182+08:00 0 [Note] [MY-011825] [Xtrabackup] decompressing ./mysql-bin.000003.zst
2024-07-16T17:16:49.572756+08:00 0 [Note] [MY-011825] [Xtrabackup] removing ./mysql-bin.000003.zst
2024-07-16T17:16:49.572821+08:00 0 [Note] [MY-011825] [Xtrabackup] decompressing ./undo_001.zst
2024-07-16T17:16:49.589761+08:00 0 [Note] [MY-011825] [Xtrabackup] removing ./undo_001.zst
2024-07-16T17:16:49.589889+08:00 0 [Note] [MY-011825] [Xtrabackup] decompressing ./mysql/general_log.CSM.zst
2024-07-16T17:16:49.594222+08:00 0 [Note] [MY-011825] [Xtrabackup] removing ./mysql/general_log.CSM.zst
2024-07-16T17:16:49.594298+08:00 0 [Note] [MY-011825] [Xtrabackup] decompressing ./mysql/slow_log.CSM.zst
2024-07-16T17:16:49.598049+08:00 0 [Note] [MY-011825] [Xtrabackup] removing ./mysql/slow_log.CSM.zst
2024-07-16T17:16:49.598122+08:00 0 [Note] [MY-011825] [Xtrabackup] decompressing ./mysql/general_log.CSV.zst
2024-07-16T17:16:49.602322+08:00 0 [Note] [MY-011825] [Xtrabackup] removing ./mysql/general_log.CSV.zst
2024-07-16T17:16:49.602432+08:00 0 [Note] [MY-011825] [Xtrabackup] decompressing ./mysql/slow_log_214.sdi.zst
2024-07-16T17:16:49.605951+08:00 0 [Note] [MY-011825] [Xtrabackup] removing ./mysql/slow_log_214.sdi.zst
2024-07-16T17:16:49.606022+08:00 0 [Note] [MY-011825] [Xtrabackup] decompressing ./mysql/general_log_213.sdi.zst
2024-07-16T17:16:49.610986+08:00 0 [Note] [MY-011825] [Xtrabackup] removing ./mysql/general_log_213.sdi.zst
2024-07-16T17:16:49.611072+08:00 0 [Note] [MY-011825] [Xtrabackup] decompressing ./mysql/slow_log.CSV.zst
2024-07-16T17:16:49.614692+08:00 0 [Note] [MY-011825] [Xtrabackup] removing ./mysql/slow_log.CSV.zst
2024-07-16T17:16:49.614765+08:00 0 [Note] [MY-011825] [Xtrabackup] decompressing ./xtrabackup_binlog_info.zst
2024-07-16T17:16:49.619450+08:00 0 [Note] [MY-011825] [Xtrabackup] removing ./xtrabackup_binlog_info.zst
2024-07-16T17:16:49.619523+08:00 0 [Note] [MY-011825] [Xtrabackup] decompressing ./xtrabackup_logfile.zst
2024-07-16T17:16:49.623277+08:00 0 [Note] [MY-011825] [Xtrabackup] removing ./xtrabackup_logfile.zst
2024-07-16T17:16:49.623347+08:00 0 [Note] [MY-011825] [Xtrabackup] decompressing ./performance_schema/status_by_thread_179.sdi.zst
2024-07-16T17:16:49.627043+08:00 0 [Note] [MY-011825] [Xtrabackup] removing ./performance_schema/status_by_thread_179.sdi.zst
2024-07-16T17:16:49.627124+08:00 0 [Note] [MY-011825] [Xtrabackup] decompressing ./performance_schema/table_lock_waits_109.sdi.zst
2024-07-16T17:16:49.631938+08:00 0 [Note] [MY-011825] [Xtrabackup] removing ./performance_schema/table_lock_waits_109.sdi.zst
2024-07-16T17:16:49.632010+08:00 0 [Note] [MY-011825] [Xtrabackup] decompressing ./performance_schema/events_statement_123.sdi.zst
2024-07-16T17:16:49.635648+08:00 0 [Note] [MY-011825] [Xtrabackup] removing ./performance_schema/events_statement_123.sdi.zst
2024-07-16T17:16:49.635737+08:00 0 [Note] [MY-011825] [Xtrabackup] decompressing ./performance_schema/table_io_waits_s_107.sdi.zst
2024-07-16T17:16:49.639782+08:00 0 [Note] [MY-011825] [Xtrabackup] removing ./performance_schema/table_io_waits_s_107.sdi.zst
2024-07-16T17:16:49.639870+08:00 0 [Note] [MY-011825] [Xtrabackup] decompressing ./performance_schema/events_statement_120.sdi.zst
2024-07-16T17:16:49.643708+08:00 0 [Note] [MY-011825] [Xtrabackup] removing ./performance_schema/events_statement_120.sdi.zst
2024-07-16T17:16:49.643782+08:00 0 [Note] [MY-011825] [Xtrabackup] decompressing ./performance_schema/file_summary_by__94.sdi.zst
2024-07-16T17:16:49.647973+08:00 0 [Note] [MY-011825] [Xtrabackup] removing ./performance_schema/file_summary_by__94.sdi.zst
2024-07-16T17:16:49.648055+08:00 0 [Note] [MY-011825] [Xtrabackup] decompressing ./performance_schema/events_waits_cur_84.sdi.zst
2024-07-16T17:16:49.651704+08:00 0 [Note] [MY-011825] [Xtrabackup] removing ./performance_schema/events_waits_cur_84.sdi.zst
2024-07-16T17:16:49.651778+08:00 0 [Note] [MY-011825] [Xtrabackup] decompressing ./performance_schema/events_statement_129.sdi.zst
2024-07-16T17:16:49.655696+08:00 0 [Note] [MY-011825] [Xtrabackup] removing ./performance_schema/events_statement_129.sdi.zst
2024-07-16T17:16:49.655766+08:00 0 [Note] [MY-011825] [Xtrabackup] decompressing ./performance_schema/events_stages_hi_112.sdi.zst
2024-07-16T17:16:49.659519+08:00 0 [Note] [MY-011825] [Xtrabackup] removing ./performance_schema/events_stages_hi_112.sdi.zst
2024-07-16T17:16:49.659597+08:00 0 [Note] [MY-011825] [Xtrabackup] decompressing ./performance_schema/global_status_181.sdi.zst
2024-07-16T17:16:49.663397+08:00 0 [Note] [MY-011825] [Xtrabackup] removing ./performance_schema/global_status_181.sdi.zst
2024-07-16T17:16:49.663470+08:00 0 [Note] [MY-011825] [Xtrabackup] decompressing ./performance_schema/events_waits_sum_89.sdi.zst
2024-07-16T17:16:49.667069+08:00 0 [Note] [MY-011825] [Xtrabackup] removing ./performance_schema/events_waits_sum_89.sdi.zst
2024-07-16T17:16:49.667139+08:00 0 [Note] [MY-011825] [Xtrabackup] decompressing ./performance_schema/replication_appl_170.sdi.zst
2024-07-16T17:16:49.670765+08:00 0 [Note] [MY-011825] [Xtrabackup] removing ./performance_schema/replication_appl_170.sdi.zst
2024-07-16T17:16:49.670836+08:00 0 [Note] [MY-011825] [Xtrabackup] decompressing ./performance_schema/keyring_componen_191.sdi.zst
2024-07-16T17:16:49.674489+08:00 0 [Note] [MY-011825] [Xtrabackup] removing ./performance_schema/keyring_componen_191.sdi.zst
2024-07-16T17:16:49.674572+08:00 0 [Note] [MY-011825] [Xtrabackup] decompressing ./performance_schema/replication_appl_167.sdi.zst
2024-07-16T17:16:49.679298+08:00 0 [Note] [MY-011825] [Xtrabackup] removing ./performance_schema/replication_appl_167.sdi.zst
2024-07-16T17:16:49.679370+08:00 0 [Note] [MY-011825] [Xtrabackup] decompressing ./performance_schema/replication_asyn_173.sdi.zst
2024-07-16T17:16:49.683240+08:00 0 [Note] [MY-011825] [Xtrabackup] removing ./performance_schema/replication_asyn_173.sdi.zst
2024-07-16T17:16:49.683309+08:00 0 [Note] [MY-011825] [Xtrabackup] decompressing ./performance_schema/replication_appl_166.sdi.zst
2024-07-16T17:16:49.687345+08:00 0 [Note] [MY-011825] [Xtrabackup] removing ./performance_schema/replication_appl_166.sdi.zst
2024-07-16T17:16:49.687438+08:00 0 [Note] [MY-011825] [Xtrabackup] decompressing ./performance_schema/hosts_146.sdi.zst
2024-07-16T17:16:49.691200+08:00 0 [Note] [MY-011825] [Xtrabackup] removing ./performance_schema/hosts_146.sdi.zst
2024-07-16T17:16:49.691284+08:00 0 [Note] [MY-011825] [Xtrabackup] decompressing ./performance_schema/metadata_locks_159.sdi.zst
2024-07-16T17:16:49.694996+08:00 0 [Note] [MY-011825] [Xtrabackup] removing ./performance_schema/metadata_locks_159.sdi.zst
2024-07-16T17:16:49.695080+08:00 0 [Note] [MY-011825] [Xtrabackup] decompressing ./performance_schema/memory_summary_g_153.sdi.zst
2024-07-16T17:16:49.698932+08:00 0 [Note] [MY-011825] [Xtrabackup] removing ./performance_schema/memory_summary_g_153.sdi.zst
2024-07-16T17:16:49.699002+08:00 0 [Note] [MY-011825] [Xtrabackup] decompressing ./performance_schema/replication_grou_169.sdi.zst
2024-07-16T17:16:49.702641+08:00 0 [Note] [MY-011825] [Xtrabackup] removing ./performance_schema/replication_grou_169.sdi.zst
2024-07-16T17:16:49.702708+08:00 0 [Note] [MY-011825] [Xtrabackup] decompressing ./performance_schema/replication_conn_164.sdi.zst
2024-07-16T17:16:49.706276+08:00 0 [Note] [MY-011825] [Xtrabackup] removing ./performance_schema/replication_conn_164.sdi.zst
2024-07-16T17:16:49.706343+08:00 0 [Note] [MY-011825] [Xtrabackup] decompressing ./performance_schema/events_waits_sum_87.sdi.zst
2024-07-16T17:16:49.709919+08:00 0 [Note] [MY-011825] [Xtrabackup] removing ./performance_schema/events_waits_sum_87.sdi.zst
2024-07-16T17:16:49.709984+08:00 0 [Note] [MY-011825] [Xtrabackup] decompressing ./performance_schema/memory_summary_b_156.sdi.zst
2024-07-16T17:16:49.713484+08:00 0 [Note] [MY-011825] [Xtrabackup] removing ./performance_schema/memory_summary_b_156.sdi.zst
2024-07-16T17:16:49.713564+08:00 0 [Note] [MY-011825] [Xtrabackup] decompressing ./performance_schema/file_instances_93.sdi.zst
2024-07-16T17:16:49.717166+08:00 0 [Note] [MY-011825] [Xtrabackup] removing ./performance_schema/file_instances_93.sdi.zst
2024-07-16T17:16:49.717240+08:00 0 [Note] [MY-011825] [Xtrabackup] decompressing ./performance_schema/user_defined_fun_188.sdi.zst
2024-07-16T17:16:49.720694+08:00 0 [Note] [MY-011825] [Xtrabackup] removing ./performance_schema/user_defined_fun_188.sdi.zst
2024-07-16T17:16:49.720784+08:00 0 [Note] [MY-011825] [Xtrabackup] decompressing ./performance_schema/global_variables_184.sdi.zst
2024-07-16T17:16:49.724318+08:00 0 [Note] [MY-011825] [Xtrabackup] removing ./performance_schema/global_variables_184.sdi.zst
2024-07-16T17:16:49.724412+08:00 0 [Note] [MY-011825] [Xtrabackup] decompressing ./performance_schema/events_statement_128.sdi.zst
2024-07-16T17:16:49.727869+08:00 0 [Note] [MY-011825] [Xtrabackup] removing ./performance_schema/events_statement_128.sdi.zst
2024-07-16T17:16:49.727937+08:00 0 [Note] [MY-011825] [Xtrabackup] decompressing ./performance_schema/events_stages_hi_113.sdi.zst
2024-07-16T17:16:49.731367+08:00 0 [Note] [MY-011825] [Xtrabackup] removing ./performance_schema/events_stages_hi_113.sdi.zst
2024-07-16T17:16:49.731453+08:00 0 [Note] [MY-011825] [Xtrabackup] decompressing ./performance_schema/status_by_user_180.sdi.zst
2024-07-16T17:16:49.734898+08:00 0 [Note] [MY-011825] [Xtrabackup] removing ./performance_schema/status_by_user_180.sdi.zst
2024-07-16T17:16:49.734966+08:00 0 [Note] [MY-011825] [Xtrabackup] decompressing ./performance_schema/memory_summary_b_154.sdi.zst
2024-07-16T17:16:49.738587+08:00 0 [Note] [MY-011825] [Xtrabackup] removing ./performance_schema/memory_summary_b_154.sdi.zst
2024-07-16T17:16:49.738658+08:00 0 [Note] [MY-011825] [Xtrabackup] decompressing ./performance_schema/accounts_145.sdi.zst
2024-07-16T17:16:49.742191+08:00 0 [Note] [MY-011825] [Xtrabackup] removing ./performance_schema/accounts_145.sdi.zst
2024-07-16T17:16:49.742267+08:00 0 [Note] [MY-011825] [Xtrabackup] decompressing ./performance_schema/events_errors_su_141.sdi.zst
2024-07-16T17:16:49.746182+08:00 0 [Note] [MY-011825] [Xtrabackup] removing ./performance_schema/events_errors_su_141.sdi.zst
2024-07-16T17:16:49.746270+08:00 0 [Note] [MY-011825] [Xtrabackup] decompressing ./performance_schema/events_stages_su_117.sdi.zst
2024-07-16T17:16:49.749786+08:00 0 [Note] [MY-011825] [Xtrabackup] removing ./performance_schema/events_stages_su_117.sdi.zst
2024-07-16T17:16:49.749853+08:00 0 [Note] [MY-011825] [Xtrabackup] decompressing ./performance_schema/events_waits_sum_91.sdi.zst
2024-07-16T17:16:49.753336+08:00 0 [Note] [MY-011825] [Xtrabackup] removing ./performance_schema/events_waits_sum_91.sdi.zst
2024-07-16T17:16:49.753421+08:00 0 [Note] [MY-011825] [Xtrabackup] decompressing ./performance_schema/table_handles_158.sdi.zst
2024-07-16T17:16:49.756963+08:00 0 [Note] [MY-011825] [Xtrabackup] removing ./performance_schema/table_handles_158.sdi.zst
2024-07-16T17:16:49.757028+08:00 0 [Note] [MY-011825] [Xtrabackup] decompressing ./performance_schema/events_transacti_135.sdi.zst
2024-07-16T17:16:49.760512+08:00 0 [Note] [MY-011825] [Xtrabackup] removing ./performance_schema/events_transacti_135.sdi.zst
2024-07-16T17:16:49.760581+08:00 0 [Note] [MY-011825] [Xtrabackup] decompressing ./performance_schema/events_waits_his_85.sdi.zst
2024-07-16T17:16:49.764109+08:00 0 [Note] [MY-011825] [Xtrabackup] removing ./performance_schema/events_waits_his_85.sdi.zst
2024-07-16T17:16:49.764176+08:00 0 [Note] [MY-011825] [Xtrabackup] decompressing ./performance_schema/events_stages_su_116.sdi.zst
2024-07-16T17:16:49.767600+08:00 0 [Note] [MY-011825] [Xtrabackup] removing ./performance_schema/events_stages_su_116.sdi.zst
2024-07-16T17:16:49.767668+08:00 0 [Note] [MY-011825] [Xtrabackup] decompressing ./performance_schema/replication_appl_165.sdi.zst
2024-07-16T17:16:49.771362+08:00 0 [Note] [MY-011825] [Xtrabackup] removing ./performance_schema/replication_appl_165.sdi.zst
2024-07-16T17:16:49.771447+08:00 0 [Note] [MY-011825] [Xtrabackup] decompressing ./performance_schema/threads_110.sdi.zst
2024-07-16T17:16:49.774932+08:00 0 [Note] [MY-011825] [Xtrabackup] removing ./performance_schema/threads_110.sdi.zst
2024-07-16T17:16:49.775000+08:00 0 [Note] [MY-011825] [Xtrabackup] decompressing ./performance_schema/replication_appl_171.sdi.zst
2024-07-16T17:16:49.778885+08:00 0 [Note] [MY-011825] [Xtrabackup] removing ./performance_schema/replication_appl_171.sdi.zst
2024-07-16T17:16:49.778953+08:00 0 [Note] [MY-011825] [Xtrabackup] decompressing ./performance_schema/events_waits_sum_92.sdi.zst
2024-07-16T17:16:49.782803+08:00 0 [Note] [MY-011825] [Xtrabackup] removing ./performance_schema/events_waits_sum_92.sdi.zst
2024-07-16T17:16:49.782881+08:00 0 [Note] [MY-011825] [Xtrabackup] decompressing ./performance_schema/events_statement_121.sdi.zst
2024-07-16T17:16:49.786553+08:00 0 [Note] [MY-011825] [Xtrabackup] removing ./performance_schema/events_statement_121.sdi.zst
2024-07-16T17:16:49.786624+08:00 0 [Note] [MY-011825] [Xtrabackup] decompressing ./performance_schema/events_errors_su_139.sdi.zst
2024-07-16T17:16:49.790277+08:00 0 [Note] [MY-011825] [Xtrabackup] removing ./performance_schema/events_errors_su_139.sdi.zst
2024-07-16T17:16:49.790344+08:00 0 [Note] [MY-011825] [Xtrabackup] decompressing ./performance_schema/setup_consumers_103.sdi.zst
2024-07-16T17:16:49.793908+08:00 0 [Note] [MY-011825] [Xtrabackup] removing ./performance_schema/setup_consumers_103.sdi.zst
2024-07-16T17:16:49.793976+08:00 0 [Note] [MY-011825] [Xtrabackup] decompressing ./performance_schema/binary_log_trans_189.sdi.zst
2024-07-16T17:16:49.797418+08:00 0 [Note] [MY-011825] [Xtrabackup] removing ./performance_schema/binary_log_trans_189.sdi.zst
2024-07-16T17:16:49.797496+08:00 0 [Note] [MY-011825] [Xtrabackup] decompressing ./performance_schema/events_statement_122.sdi.zst
2024-07-16T17:16:49.801089+08:00 0 [Note] [MY-011825] [Xtrabackup] removing ./performance_schema/events_statement_122.sdi.zst
2024-07-16T17:16:49.801158+08:00 0 [Note] [MY-011825] [Xtrabackup] decompressing ./performance_schema/host_cache_96.sdi.zst
2024-07-16T17:16:49.804684+08:00 0 [Note] [MY-011825] [Xtrabackup] removing ./performance_schema/host_cache_96.sdi.zst
2024-07-16T17:16:49.804752+08:00 0 [Note] [MY-011825] [Xtrabackup] decompressing ./performance_schema/tls_channel_stat_190.sdi.zst
2024-07-16T17:16:49.808999+08:00 0 [Note] [MY-011825] [Xtrabackup] removing ./performance_schema/tls_channel_stat_190.sdi.zst
2024-07-16T17:16:49.809067+08:00 0 [Note] [MY-011825] [Xtrabackup] decompressing ./performance_schema/events_waits_his_86.sdi.zst
2024-07-16T17:16:49.812663+08:00 0 [Note] [MY-011825] [Xtrabackup] removing ./performance_schema/events_waits_his_86.sdi.zst
2024-07-16T17:16:49.812729+08:00 0 [Note] [MY-011825] [Xtrabackup] decompressing ./performance_schema/replication_asyn_172.sdi.zst
2024-07-16T17:16:49.816424+08:00 0 [Note] [MY-011825] [Xtrabackup] removing ./performance_schema/replication_asyn_172.sdi.zst
2024-07-16T17:16:49.816500+08:00 0 [Note] [MY-011825] [Xtrabackup] decompressing ./performance_schema/keyring_keys_152.sdi.zst
2024-07-16T17:16:49.819943+08:00 0 [Note] [MY-011825] [Xtrabackup] removing ./performance_schema/keyring_keys_152.sdi.zst
2024-07-16T17:16:49.820012+08:00 0 [Note] [MY-011825] [Xtrabackup] decompressing ./performance_schema/status_by_host_178.sdi.zst
2024-07-16T17:16:49.823474+08:00 0 [Note] [MY-011825] [Xtrabackup] removing ./performance_schema/status_by_host_178.sdi.zst
2024-07-16T17:16:49.823543+08:00 0 [Note] [MY-011825] [Xtrabackup] decompressing ./performance_schema/objects_summary__98.sdi.zst
2024-07-16T17:16:49.826939+08:00 0 [Note] [MY-011825] [Xtrabackup] removing ./performance_schema/objects_summary__98.sdi.zst
2024-07-16T17:16:49.827006+08:00 0 [Note] [MY-011825] [Xtrabackup] decompressing ./performance_schema/events_transacti_137.sdi.zst
2024-07-16T17:16:49.830501+08:00 0 [Note] [MY-011825] [Xtrabackup] removing ./performance_schema/events_transacti_137.sdi.zst
2024-07-16T17:16:49.830570+08:00 0 [Note] [MY-011825] [Xtrabackup] decompressing ./performance_schema/setup_actors_102.sdi.zst
2024-07-16T17:16:49.834166+08:00 0 [Note] [MY-011825] [Xtrabackup] removing ./performance_schema/setup_actors_102.sdi.zst
2024-07-16T17:16:49.834243+08:00 0 [Note] [MY-011825] [Xtrabackup] decompressing ./performance_schema/session_status_182.sdi.zst
2024-07-16T17:16:49.837860+08:00 0 [Note] [MY-011825] [Xtrabackup] removing ./performance_schema/session_status_182.sdi.zst
2024-07-16T17:16:49.837926+08:00 0 [Note] [MY-011825] [Xtrabackup] decompressing ./performance_schema/error_log_83.sdi.zst
2024-07-16T17:16:49.841423+08:00 0 [Note] [MY-011825] [Xtrabackup] removing ./performance_schema/error_log_83.sdi.zst
2024-07-16T17:16:49.841489+08:00 0 [Note] [MY-011825] [Xtrabackup] decompressing ./performance_schema/data_lock_waits_161.sdi.zst
2024-07-16T17:16:49.844889+08:00 0 [Note] [MY-011825] [Xtrabackup] removing ./performance_schema/data_lock_waits_161.sdi.zst
2024-07-16T17:16:49.844955+08:00 0 [Note] [MY-011825] [Xtrabackup] decompressing ./performance_schema/events_statement_130.sdi.zst
2024-07-16T17:16:49.848433+08:00 0 [Note] [MY-011825] [Xtrabackup] removing ./performance_schema/events_statement_130.sdi.zst
2024-07-16T17:16:49.848500+08:00 0 [Note] [MY-011825] [Xtrabackup] decompressing ./performance_schema/events_transacti_132.sdi.zst
2024-07-16T17:16:49.852071+08:00 0 [Note] [MY-011825] [Xtrabackup] removing ./performance_schema/events_transacti_132.sdi.zst
2024-07-16T17:16:49.852157+08:00 0 [Note] [MY-011825] [Xtrabackup] decompressing ./performance_schema/processlist_100.sdi.zst
2024-07-16T17:16:49.855923+08:00 0 [Note] [MY-011825] [Xtrabackup] removing ./performance_schema/processlist_100.sdi.zst
2024-07-16T17:16:49.855990+08:00 0 [Note] [MY-011825] [Xtrabackup] decompressing ./performance_schema/setup_instrument_104.sdi.zst
2024-07-16T17:16:49.859565+08:00 0 [Note] [MY-011825] [Xtrabackup] removing ./performance_schema/setup_instrument_104.sdi.zst
2024-07-16T17:16:49.859634+08:00 0 [Note] [MY-011825] [Xtrabackup] decompressing ./performance_schema/events_statement_126.sdi.zst
2024-07-16T17:16:49.863138+08:00 0 [Note] [MY-011825] [Xtrabackup] removing ./performance_schema/events_statement_126.sdi.zst
2024-07-16T17:16:49.863207+08:00 0 [Note] [MY-011825] [Xtrabackup] decompressing ./performance_schema/events_waits_sum_90.sdi.zst
2024-07-16T17:16:49.866716+08:00 0 [Note] [MY-011825] [Xtrabackup] removing ./performance_schema/events_waits_sum_90.sdi.zst
2024-07-16T17:16:49.866785+08:00 0 [Note] [MY-011825] [Xtrabackup] decompressing ./performance_schema/events_transacti_133.sdi.zst
2024-07-16T17:16:49.870201+08:00 0 [Note] [MY-011825] [Xtrabackup] removing ./performance_schema/events_transacti_133.sdi.zst
2024-07-16T17:16:49.870280+08:00 0 [Note] [MY-011825] [Xtrabackup] decompressing ./performance_schema/performance_time_99.sdi.zst
2024-07-16T17:16:49.877713+08:00 0 [Note] [MY-011825] [Xtrabackup] removing ./performance_schema/performance_time_99.sdi.zst
2024-07-16T17:16:49.877784+08:00 0 [Note] [MY-011825] [Xtrabackup] decompressing ./performance_schema/socket_summary_b_148.sdi.zst
2024-07-16T17:16:49.881416+08:00 0 [Note] [MY-011825] [Xtrabackup] removing ./performance_schema/socket_summary_b_148.sdi.zst
2024-07-16T17:16:49.881485+08:00 0 [Note] [MY-011825] [Xtrabackup] decompressing ./performance_schema/table_io_waits_s_108.sdi.zst
2024-07-16T17:16:49.885081+08:00 0 [Note] [MY-011825] [Xtrabackup] removing ./performance_schema/table_io_waits_s_108.sdi.zst
2024-07-16T17:16:49.885151+08:00 0 [Note] [MY-011825] [Xtrabackup] decompressing ./performance_schema/socket_summary_b_149.sdi.zst
2024-07-16T17:16:49.888708+08:00 0 [Note] [MY-011825] [Xtrabackup] removing ./performance_schema/socket_summary_b_149.sdi.zst
2024-07-16T17:16:49.888779+08:00 0 [Note] [MY-011825] [Xtrabackup] decompressing ./performance_schema/mutex_instances_97.sdi.zst
2024-07-16T17:16:49.892243+08:00 0 [Note] [MY-011825] [Xtrabackup] removing ./performance_schema/mutex_instances_97.sdi.zst
2024-07-16T17:16:49.892311+08:00 0 [Note] [MY-011825] [Xtrabackup] decompressing ./performance_schema/events_errors_su_140.sdi.zst
2024-07-16T17:16:49.895841+08:00 0 [Note] [MY-011825] [Xtrabackup] removing ./performance_schema/events_errors_su_140.sdi.zst
2024-07-16T17:16:49.895909+08:00 0 [Note] [MY-011825] [Xtrabackup] decompressing ./performance_schema/status_by_accoun_177.sdi.zst
2024-07-16T17:16:49.899483+08:00 0 [Note] [MY-011825] [Xtrabackup] removing ./performance_schema/status_by_accoun_177.sdi.zst
2024-07-16T17:16:49.899549+08:00 0 [Note] [MY-011825] [Xtrabackup] decompressing ./performance_schema/log_status_174.sdi.zst
2024-07-16T17:16:49.903064+08:00 0 [Note] [MY-011825] [Xtrabackup] removing ./performance_schema/log_status_174.sdi.zst
2024-07-16T17:16:49.903129+08:00 0 [Note] [MY-011825] [Xtrabackup] decompressing ./performance_schema/events_errors_su_143.sdi.zst
2024-07-16T17:16:49.906753+08:00 0 [Note] [MY-011825] [Xtrabackup] removing ./performance_schema/events_errors_su_143.sdi.zst
2024-07-16T17:16:49.906826+08:00 0 [Note] [MY-011825] [Xtrabackup] decompressing ./performance_schema/events_statement_127.sdi.zst
2024-07-16T17:16:49.910364+08:00 0 [Note] [MY-011825] [Xtrabackup] removing ./performance_schema/events_statement_127.sdi.zst
2024-07-16T17:16:49.910448+08:00 0 [Note] [MY-011825] [Xtrabackup] decompressing ./performance_schema/events_stages_su_115.sdi.zst
2024-07-16T17:16:49.913903+08:00 0 [Note] [MY-011825] [Xtrabackup] removing ./performance_schema/events_stages_su_115.sdi.zst
2024-07-16T17:16:49.913968+08:00 0 [Note] [MY-011825] [Xtrabackup] decompressing ./performance_schema/socket_instances_147.sdi.zst
2024-07-16T17:16:49.917422+08:00 0 [Note] [MY-011825] [Xtrabackup] removing ./performance_schema/socket_instances_147.sdi.zst
2024-07-16T17:16:49.917491+08:00 0 [Note] [MY-011825] [Xtrabackup] decompressing ./performance_schema/replication_conn_162.sdi.zst
2024-07-16T17:16:49.921105+08:00 0 [Note] [MY-011825] [Xtrabackup] removing ./performance_schema/replication_conn_162.sdi.zst
2024-07-16T17:16:49.921174+08:00 0 [Note] [MY-011825] [Xtrabackup] decompressing ./performance_schema/variables_info_186.sdi.zst
2024-07-16T17:16:49.924601+08:00 0 [Note] [MY-011825] [Xtrabackup] removing ./performance_schema/variables_info_186.sdi.zst
2024-07-16T17:16:49.924669+08:00 0 [Note] [MY-011825] [Xtrabackup] decompressing ./performance_schema/events_statement_119.sdi.zst
2024-07-16T17:16:49.928124+08:00 0 [Note] [MY-011825] [Xtrabackup] removing ./performance_schema/events_statement_119.sdi.zst
2024-07-16T17:16:49.928197+08:00 0 [Note] [MY-011825] [Xtrabackup] decompressing ./performance_schema/session_connect__150.sdi.zst
2024-07-16T17:16:49.932176+08:00 0 [Note] [MY-011825] [Xtrabackup] removing ./performance_schema/session_connect__150.sdi.zst
2024-07-16T17:16:49.932248+08:00 0 [Note] [MY-011825] [Xtrabackup] decompressing ./performance_schema/session_account__151.sdi.zst
2024-07-16T17:16:49.935792+08:00 0 [Note] [MY-011825] [Xtrabackup] removing ./performance_schema/session_account__151.sdi.zst
2024-07-16T17:16:49.935878+08:00 0 [Note] [MY-011825] [Xtrabackup] decompressing ./performance_schema/session_variable_185.sdi.zst
2024-07-16T17:16:49.939541+08:00 0 [Note] [MY-011825] [Xtrabackup] removing ./performance_schema/session_variable_185.sdi.zst
2024-07-16T17:16:49.939609+08:00 0 [Note] [MY-011825] [Xtrabackup] decompressing ./performance_schema/events_stages_su_114.sdi.zst
2024-07-16T17:16:49.943275+08:00 0 [Note] [MY-011825] [Xtrabackup] removing ./performance_schema/events_stages_su_114.sdi.zst
2024-07-16T17:16:49.943342+08:00 0 [Note] [MY-011825] [Xtrabackup] decompressing ./performance_schema/events_transacti_134.sdi.zst
2024-07-16T17:16:49.946888+08:00 0 [Note] [MY-011825] [Xtrabackup] removing ./performance_schema/events_transacti_134.sdi.zst
2024-07-16T17:16:49.946956+08:00 0 [Note] [MY-011825] [Xtrabackup] decompressing ./performance_schema/events_transacti_138.sdi.zst
2024-07-16T17:16:49.950573+08:00 0 [Note] [MY-011825] [Xtrabackup] removing ./performance_schema/events_transacti_138.sdi.zst
2024-07-16T17:16:49.950639+08:00 0 [Note] [MY-011825] [Xtrabackup] decompressing ./performance_schema/memory_summary_b_157.sdi.zst
2024-07-16T17:16:49.954304+08:00 0 [Note] [MY-011825] [Xtrabackup] removing ./performance_schema/memory_summary_b_157.sdi.zst
2024-07-16T17:16:49.954402+08:00 0 [Note] [MY-011825] [Xtrabackup] decompressing ./performance_schema/file_summary_by__95.sdi.zst
2024-07-16T17:16:49.957918+08:00 0 [Note] [MY-011825] [Xtrabackup] removing ./performance_schema/file_summary_by__95.sdi.zst
2024-07-16T17:16:49.957995+08:00 0 [Note] [MY-011825] [Xtrabackup] decompressing ./performance_schema/data_locks_160.sdi.zst
2024-07-16T17:16:49.961492+08:00 0 [Note] [MY-011825] [Xtrabackup] removing ./performance_schema/data_locks_160.sdi.zst
2024-07-16T17:16:49.961567+08:00 0 [Note] [MY-011825] [Xtrabackup] decompressing ./performance_schema/memory_summary_b_155.sdi.zst
2024-07-16T17:16:49.965203+08:00 0 [Note] [MY-011825] [Xtrabackup] removing ./performance_schema/memory_summary_b_155.sdi.zst
2024-07-16T17:16:49.965282+08:00 0 [Note] [MY-011825] [Xtrabackup] decompressing ./performance_schema/events_stages_su_118.sdi.zst
2024-07-16T17:16:49.968695+08:00 0 [Note] [MY-011825] [Xtrabackup] removing ./performance_schema/events_stages_su_118.sdi.zst
2024-07-16T17:16:49.968762+08:00 0 [Note] [MY-011825] [Xtrabackup] decompressing ./performance_schema/setup_objects_105.sdi.zst
2024-07-16T17:16:49.972464+08:00 0 [Note] [MY-011825] [Xtrabackup] removing ./performance_schema/setup_objects_105.sdi.zst
2024-07-16T17:16:49.972530+08:00 0 [Note] [MY-011825] [Xtrabackup] decompressing ./performance_schema/rwlock_instances_101.sdi.zst
2024-07-16T17:16:49.980950+08:00 0 [Note] [MY-011825] [Xtrabackup] removing ./performance_schema/rwlock_instances_101.sdi.zst
2024-07-16T17:16:49.981018+08:00 0 [Note] [MY-011825] [Xtrabackup] decompressing ./performance_schema/events_stages_cu_111.sdi.zst
2024-07-16T17:16:49.984624+08:00 0 [Note] [MY-011825] [Xtrabackup] removing ./performance_schema/events_stages_cu_111.sdi.zst
2024-07-16T17:16:49.984701+08:00 0 [Note] [MY-011825] [Xtrabackup] decompressing ./performance_schema/events_waits_sum_88.sdi.zst
2024-07-16T17:16:49.988431+08:00 0 [Note] [MY-011825] [Xtrabackup] removing ./performance_schema/events_waits_sum_88.sdi.zst
2024-07-16T17:16:49.988508+08:00 0 [Note] [MY-011825] [Xtrabackup] decompressing ./performance_schema/events_errors_su_142.sdi.zst
2024-07-16T17:16:49.992074+08:00 0 [Note] [MY-011825] [Xtrabackup] removing ./performance_schema/events_errors_su_142.sdi.zst
2024-07-16T17:16:49.992154+08:00 0 [Note] [MY-011825] [Xtrabackup] decompressing ./performance_schema/replication_appl_168.sdi.zst
2024-07-16T17:16:49.995763+08:00 0 [Note] [MY-011825] [Xtrabackup] removing ./performance_schema/replication_appl_168.sdi.zst
2024-07-16T17:16:49.995834+08:00 0 [Note] [MY-011825] [Xtrabackup] decompressing ./performance_schema/replication_grou_163.sdi.zst
2024-07-16T17:16:49.999346+08:00 0 [Note] [MY-011825] [Xtrabackup] removing ./performance_schema/replication_grou_163.sdi.zst
2024-07-16T17:16:49.999425+08:00 0 [Note] [MY-011825] [Xtrabackup] decompressing ./performance_schema/events_statement_124.sdi.zst
2024-07-16T17:16:50.003083+08:00 0 [Note] [MY-011825] [Xtrabackup] removing ./performance_schema/events_statement_124.sdi.zst
2024-07-16T17:16:50.003152+08:00 0 [Note] [MY-011825] [Xtrabackup] decompressing ./performance_schema/variables_by_thr_183.sdi.zst
2024-07-16T17:16:50.006634+08:00 0 [Note] [MY-011825] [Xtrabackup] removing ./performance_schema/variables_by_thr_183.sdi.zst
2024-07-16T17:16:50.006702+08:00 0 [Note] [MY-011825] [Xtrabackup] decompressing ./performance_schema/users_144.sdi.zst
2024-07-16T17:16:50.010251+08:00 0 [Note] [MY-011825] [Xtrabackup] removing ./performance_schema/users_144.sdi.zst
2024-07-16T17:16:50.010320+08:00 0 [Note] [MY-011825] [Xtrabackup] decompressing ./performance_schema/user_variables_b_176.sdi.zst
2024-07-16T17:16:50.013871+08:00 0 [Note] [MY-011825] [Xtrabackup] removing ./performance_schema/user_variables_b_176.sdi.zst
2024-07-16T17:16:50.013935+08:00 0 [Note] [MY-011825] [Xtrabackup] decompressing ./performance_schema/prepared_stateme_175.sdi.zst
2024-07-16T17:16:50.017546+08:00 0 [Note] [MY-011825] [Xtrabackup] removing ./performance_schema/prepared_stateme_175.sdi.zst
2024-07-16T17:16:50.017614+08:00 0 [Note] [MY-011825] [Xtrabackup] decompressing ./performance_schema/cond_instances_82.sdi.zst
2024-07-16T17:16:50.021111+08:00 0 [Note] [MY-011825] [Xtrabackup] removing ./performance_schema/cond_instances_82.sdi.zst
2024-07-16T17:16:50.021188+08:00 0 [Note] [MY-011825] [Xtrabackup] decompressing ./performance_schema/setup_threads_106.sdi.zst
2024-07-16T17:16:50.024695+08:00 0 [Note] [MY-011825] [Xtrabackup] removing ./performance_schema/setup_threads_106.sdi.zst
2024-07-16T17:16:50.024764+08:00 0 [Note] [MY-011825] [Xtrabackup] decompressing ./performance_schema/events_transacti_131.sdi.zst
2024-07-16T17:16:50.028277+08:00 0 [Note] [MY-011825] [Xtrabackup] removing ./performance_schema/events_transacti_131.sdi.zst
2024-07-16T17:16:50.028344+08:00 0 [Note] [MY-011825] [Xtrabackup] decompressing ./performance_schema/events_statement_125.sdi.zst
2024-07-16T17:16:50.031902+08:00 0 [Note] [MY-011825] [Xtrabackup] removing ./performance_schema/events_statement_125.sdi.zst
2024-07-16T17:16:50.031969+08:00 0 [Note] [MY-011825] [Xtrabackup] decompressing ./performance_schema/persisted_variab_187.sdi.zst
2024-07-16T17:16:50.035442+08:00 0 [Note] [MY-011825] [Xtrabackup] removing ./performance_schema/persisted_variab_187.sdi.zst
2024-07-16T17:16:50.035512+08:00 0 [Note] [MY-011825] [Xtrabackup] decompressing ./performance_schema/events_transacti_136.sdi.zst
2024-07-16T17:16:50.038922+08:00 0 [Note] [MY-011825] [Xtrabackup] removing ./performance_schema/events_transacti_136.sdi.zst
2024-07-16T17:16:50.038990+08:00 0 [Note] [MY-011825] [Xtrabackup] decompressing ./ib_buffer_pool.zst
2024-07-16T17:16:50.042440+08:00 0 [Note] [MY-011825] [Xtrabackup] removing ./ib_buffer_pool.zst
2024-07-16T17:16:50.044445+08:00 0 [Note] [MY-011825] [Xtrabackup] completed OK!
